[0m[[0m[0mdebug[0m] [0m[0m> Exec(__runWatch console0, Some(9ea6f169-b7a0-44e4-a414-610ebb0b8930), Some(CommandSource(console0)))[0m
[0m[[0m[0mdebug[0m] [0m[0m> Exec(sbtStashOnFailure, None, Some(CommandSource(console0)))[0m
[0m[[0m[0mdebug[0m] [0m[0m> Exec(__preWatch console0, None, Some(CommandSource(console0)))[0m
[0m[[0m[0mdebug[0m] [0m[0m> Exec(test, None, Some(CommandSource(console0)))[0m
[0m[[0m[0mdebug[0m] [0m[0mEvaluating tasks: Test / test[0m
[0m[[0m[0mdebug[0m] [0m[0mRunning task... Cancel: Signal, check cycles: false, forcegc: true[0m
[0m[[0m[0minfo[0m] [0m[0mcompiling 1 Scala source to /home/caleb/dev/jvm/scala/leetcode/target/scala-3.1.2/classes ...[0m
[0m[[0m[31merror[0m] [0m[0m[31m-- [E018] Syntax Error: /home/caleb/dev/jvm/scala/leetcode/src/main/scala/ArraysAndHashing/EncodeAndDecodeStrings.scala:14:32 [0m[0m
[0m[[0m[31merror[0m] [0m[0m[31m14 |[0m    [33mwhile[0m in.iterator.hasNext [33mdo[0m [0m
[0m[[0m[31merror[0m] [0m[0m   |                                [31m^[0m[0m
[0m[[0m[31merror[0m] [0m[0m   |                                expression expected but [31mval[0m found[0m
[0m[[0m[31merror[0m] [0m[0m[31m-- [E006] Not Found Error: /home/caleb/dev/jvm/scala/leetcode/src/main/scala/ArraysAndHashing/EncodeAndDecodeStrings.scala:16:12 [0m[0m
[0m[[0m[31merror[0m] [0m[0m[31m16 |[0m    println(cChar)[0m
[0m[[0m[31merror[0m] [0m[0m   |            [31m^^^^^[0m[0m
[0m[[0m[31merror[0m] [0m[0m   |            Not found: cChar[0m
[0m[[0m[33mwarn[0m] [0m[0m[33m-- [E129] Potential Issue Warning: /home/caleb/dev/jvm/scala/leetcode/src/main/scala/ArraysAndHashing/EncodeAndDecodeStrings.scala:14:29 [0m[0m
[0m[[0m[33mwarn[0m] [0m[0m[33m14 |[0m    [33mwhile[0m in.iterator.hasNext [33mdo[0m [0m
[0m[[0m[33mwarn[0m] [0m[0m   |                             [33m^[0m[0m
[0m[[0m[33mwarn[0m] [0m[0m   |A pure expression does nothing in statement position; you may be omitting necessary parentheses[0m
[0m[[0m[33mwarn[0m] [0m[0mone warning found[0m
[0m[[0m[31merror[0m] [0m[0mtwo errors found[0m
[0m[[0m[31merror[0m] [0m[0m(Compile / [31mcompileIncremental[0m) Compilation failed[0m
[0m[[0m[31merror[0m] [0m[0mTotal time: 0 s, completed 28 Apr 2022, 4:23:39 pm[0m
[0m[[0m[0mdebug[0m] [0m[0m> Exec(resumeFromFailure, None, Some(CommandSource(console0)))[0m
[0m[[0m[0mdebug[0m] [0m[0m> Exec(sbtPopOnFailure, None, Some(CommandSource(console0)))[0m
[0m[[0m[0mdebug[0m] [0m[0m> Exec(__postWatch console0, None, Some(CommandSource(console0)))[0m
[0m[[0m[0mdebug[0m] [0m[0m> Exec(resumeFromFailure, None, None)[0m
[0m[[0m[0mdebug[0m] [0m[0m> Exec(__waitWatch console0, None, None)[0m
